Build started 14/06/2015 20:47:10.
     1>Project "C:\Users\Agnes\Desktop\china\GPA3DMM - ReadMode\ReadMode\ReadMode.vcxproj" on node 2 (build target(s)).
     1>InitializeBuildStatus:
         Creating "Debug\ReadMode.unsuccessfulbuild" because "AlwaysCreate" was specified.
       ClCompile:
         All outputs are up-to-date.
         All outputs are up-to-date.
       ResourceCompile:
         All outputs are up-to-date.
       ManifestResourceCompile:
         All outputs are up-to-date.
       Link:
         All outputs are up-to-date.
       Manifest:
         All outputs are up-to-date.
         All outputs are up-to-date.
       FinalizeBuildStatus:
         Deleting file "Debug\ReadMode.unsuccessfulbuild".
         Touching "Debug\ReadMode.lastbuildstate".
     1>Done Building Project "C:\Users\Agnes\Desktop\china\GPA3DMM - ReadMode\ReadMode\ReadMode.vcxproj" (build target(s)).

Build succeeded.

Time Elapsed 00:00:00.10
