C:\USERS\AGNES\DESKTOP\CHINA\GPA3DMM - READMODE\DEBUG\READMODE.EXE
C:\USERS\AGNES\DESKTOP\CHINA\GPA3DMM - READMODE\DEBUG\READMODE.ILK
C:\USERS\AGNES\DESKTOP\CHINA\GPA3DMM - READMODE\DEBUG\READMODE.PDB
C:\Users\Agnes\Desktop\china\GPA3DMM - ReadMode\ReadMode\Debug\cl.command.1.tlog
C:\Users\Agnes\Desktop\china\GPA3DMM - ReadMode\ReadMode\Debug\CL.read.1.tlog
C:\Users\Agnes\Desktop\china\GPA3DMM - ReadMode\ReadMode\Debug\CL.write.1.tlog
C:\USERS\AGNES\DESKTOP\CHINA\GPA3DMM - READMODE\READMODE\DEBUG\CONTROLS.OBJ
C:\Users\Agnes\Desktop\china\GPA3DMM - ReadMode\ReadMode\Debug\link.command.1.tlog
C:\Users\Agnes\Desktop\china\GPA3DMM - ReadMode\ReadMode\Debug\link.read.1.tlog
C:\Users\Agnes\Desktop\china\GPA3DMM - ReadMode\ReadMode\Debug\link.write.1.tlog
C:\Users\Agnes\Desktop\china\GPA3DMM - ReadMode\ReadMode\Debug\link-cvtres.read.1.tlog
C:\Users\Agnes\Desktop\china\GPA3DMM - ReadMode\ReadMode\Debug\link-cvtres.write.1.tlog
C:\Users\Agnes\Desktop\china\GPA3DMM - ReadMode\ReadMode\Debug\mt.command.1.tlog
C:\Users\Agnes\Desktop\china\GPA3DMM - ReadMode\ReadMode\Debug\mt.read.1.tlog
C:\Users\Agnes\Desktop\china\GPA3DMM - ReadMode\ReadMode\Debug\mt.write.1.tlog
C:\USERS\AGNES\DESKTOP\CHINA\GPA3DMM - READMODE\READMODE\DEBUG\OBJLOADER.OBJ
C:\USERS\AGNES\DESKTOP\CHINA\GPA3DMM - READMODE\READMODE\DEBUG\PROTEINFRAME.OBJ
C:\USERS\AGNES\DESKTOP\CHINA\GPA3DMM - READMODE\READMODE\DEBUG\PROTEINVIEW.OBJ
C:\Users\Agnes\Desktop\china\GPA3DMM - ReadMode\ReadMode\Debug\rc.command.1.tlog
C:\Users\Agnes\Desktop\china\GPA3DMM - ReadMode\ReadMode\Debug\rc.read.1.tlog
C:\Users\Agnes\Desktop\china\GPA3DMM - ReadMode\ReadMode\Debug\rc.write.1.tlog
C:\USERS\AGNES\DESKTOP\CHINA\GPA3DMM - READMODE\READMODE\DEBUG\READMODE.EXE.EMBED.MANIFEST
C:\USERS\AGNES\DESKTOP\CHINA\GPA3DMM - READMODE\READMODE\DEBUG\READMODE.EXE.EMBED.MANIFEST.RES
C:\USERS\AGNES\DESKTOP\CHINA\GPA3DMM - READMODE\READMODE\DEBUG\READMODE.EXE.INTERMEDIATE.MANIFEST
C:\USERS\AGNES\DESKTOP\CHINA\GPA3DMM - READMODE\READMODE\DEBUG\READMODE.OBJ
C:\USERS\AGNES\DESKTOP\CHINA\GPA3DMM - READMODE\READMODE\DEBUG\READMODE.PCH
C:\USERS\AGNES\DESKTOP\CHINA\GPA3DMM - READMODE\READMODE\DEBUG\READMODE.RES
C:\Users\Agnes\Desktop\china\GPA3DMM - ReadMode\ReadMode\Debug\ReadMode.write.1.tlog
C:\Users\Agnes\Desktop\china\GPA3DMM - ReadMode\ReadMode\Debug\ReadMode_manifest.rc
C:\USERS\AGNES\DESKTOP\CHINA\GPA3DMM - READMODE\READMODE\DEBUG\READMODEDLG.OBJ
C:\USERS\AGNES\DESKTOP\CHINA\GPA3DMM - READMODE\READMODE\DEBUG\READOBJFILE.OBJ
C:\USERS\AGNES\DESKTOP\CHINA\GPA3DMM - READMODE\READMODE\DEBUG\SHADER.OBJ
C:\USERS\AGNES\DESKTOP\CHINA\GPA3DMM - READMODE\READMODE\DEBUG\STDAFX.OBJ
C:\Users\Agnes\Desktop\china\GPA3DMM - ReadMode\ReadMode\Debug\vc100.idb
C:\USERS\AGNES\DESKTOP\CHINA\GPA3DMM - READMODE\READMODE\DEBUG\VC100.PDB
